# JRE version: OpenJDK Runtime Environment (8.0_322-b06) (build 1.8.0_322-b06)
# Java VM: OpenJDK 64-Bit Server VM (25.322-b06 mixed mode windows-amd64 compressed oops)
Heap:
 PSYoungGen      total 31232K, used 30154K [0x00000000fdf00000, 0x0000000100000000, 0x0000000100000000)
  eden space 28672K, 100% used [0x00000000fdf00000,0x00000000ffb00000,0x00000000ffb00000)
  from space 2560K, 57% used [0x00000000ffd80000,0x00000000ffef2918,0x0000000100000000)
  to   space 2560K, 55% used [0x00000000ffb00000,0x00000000ffc64710,0x00000000ffd80000)
 ParOldGen       total 68608K, used 55013K [0x00000000f9c00000, 0x00000000fdf00000, 0x00000000fdf00000)
  object space 68608K, 80% used [0x00000000f9c00000,0x00000000fd1b9458,0x00000000fdf00000)
 Metaspace       used 84288K, capacity 88444K, committed 88576K, reserved 1126400K
  class space    used 10493K, capacity 11142K, committed 11264K, reserved 1048576K
GC Heap History (10 events):
Event: 34.462 GC heap after
Heap after GC invocations=121 (full 3):
 PSYoungGen      total 30208K, used 1845K [0x00000000fdf00000, 0x0000000100000000, 0x0000000100000000)
  eden space 27648K, 0% used [0x00000000fdf00000,0x00000000fdf00000,0x00000000ffa00000)
  from space 2560K, 72% used [0x00000000ffd00000,0x00000000ffecd618,0x00000000fff80000)
  to   space 3072K, 0% used [0x00000000ffa00000,0x00000000ffa00000,0x00000000ffd00000)
 ParOldGen       total 68608K, used 52274K [0x00000000f9c00000, 0x00000000fdf00000, 0x00000000fdf00000)
  object space 68608K, 76% used [0x00000000f9c00000,0x00000000fcf0cb20,0x00000000fdf00000)
 Metaspace       used 80275K, capacity 84274K, committed 84480K, reserved 1122304K
  class space    used 9991K, capacity 10627K, committed 10752K, reserved 1048576K
}
Event: 34.583 GC heap before
{Heap before GC invocations=122 (full 3):
 PSYoungGen      total 30208K, used 29493K [0x00000000fdf00000, 0x0000000100000000, 0x0000000100000000)
  eden space 27648K, 100% used [0x00000000fdf00000,0x00000000ffa00000,0x00000000ffa00000)
  from space 2560K, 72% used [0x00000000ffd00000,0x00000000ffecd618,0x00000000fff80000)
  to   space 3072K, 0% used [0x00000000ffa00000,0x00000000ffa00000,0x00000000ffd00000)
 ParOldGen       total 68608K, used 52274K [0x00000000f9c00000, 0x00000000fdf00000, 0x00000000fdf00000)
  object space 68608K, 76% used [0x00000000f9c00000,0x00000000fcf0cb20,0x00000000fdf00000)
 Metaspace       used 81544K, capacity 85580K, committed 85888K, reserved 1124352K
  class space    used 10120K, capacity 10762K, committed 10880K, reserved 1048576K
Event: 34.588 GC heap after
Heap after GC invocations=122 (full 3):
 PSYoungGen      total 30720K, used 1309K [0x00000000fdf00000, 0x00000000fff80000, 0x0000000100000000)
  eden space 27648K, 0% used [0x00000000fdf00000,0x00000000fdf00000,0x00000000ffa00000)
  from space 3072K, 42% used [0x00000000ffa00000,0x00000000ffb47408,0x00000000ffd00000)
  to   space 2560K, 0% used [0x00000000ffd00000,0x00000000ffd00000,0x00000000fff80000)
 ParOldGen       total 68608K, used 52882K [0x00000000f9c00000, 0x00000000fdf00000, 0x00000000fdf00000)
  object space 68608K, 77% used [0x00000000f9c00000,0x00000000fcfa4b20,0x00000000fdf00000)
 Metaspace       used 81544K, capacity 85580K, committed 85888K, reserved 1124352K
  class space    used 10120K, capacity 10762K, committed 10880K, reserved 1048576K
}
Event: 35.192 GC heap before
{Heap before GC invocations=123 (full 3):
 PSYoungGen      total 30720K, used 28957K [0x00000000fdf00000, 0x00000000fff80000, 0x0000000100000000)
  eden space 27648K, 100% used [0x00000000fdf00000,0x00000000ffa00000,0x00000000ffa00000)
  from space 3072K, 42% used [0x00000000ffa00000,0x00000000ffb47408,0x00000000ffd00000)
  to   space 2560K, 0% used [0x00000000ffd00000,0x00000000ffd00000,0x00000000fff80000)
 ParOldGen       total 68608K, used 52882K [0x00000000f9c00000, 0x00000000fdf00000, 0x00000000fdf00000)
  object space 68608K, 77% used [0x00000000f9c00000,0x00000000fcfa4b20,0x00000000fdf00000)
 Metaspace       used 82377K, capacity 86452K, committed 86656K, reserved 1124352K
  class space    used 10223K, capacity 10870K, committed 10880K, reserved 1048576K
Event: 35.209 GC heap after
Heap after GC invocations=123 (full 3):
 PSYoungGen      total 30720K, used 964K [0x00000000fdf00000, 0x00000000fff80000, 0x0000000100000000)
  eden space 28160K, 0% used [0x00000000fdf00000,0x00000000fdf00000,0x00000000ffa80000)
  from space 2560K, 37% used [0x00000000ffd00000,0x00000000ffdf13a0,0x00000000fff80000)
  to   space 2560K, 0% used [0x00000000ffa80000,0x00000000ffa80000,0x00000000ffd00000)
 ParOldGen       total 68608K, used 53428K [0x00000000f9c00000, 0x00000000fdf00000, 0x00000000fdf00000)
  object space 68608K, 77% used [0x00000000f9c00000,0x00000000fd02d3e8,0x00000000fdf00000)
 Metaspace       used 82377K, capacity 86452K, committed 86656K, reserved 1124352K
  class space    used 10223K, capacity 10870K, committed 10880K, reserved 1048576K
}
Event: 35.435 GC heap before
{Heap before GC invocations=124 (full 3):
 PSYoungGen      total 30720K, used 29124K [0x00000000fdf00000, 0x00000000fff80000, 0x0000000100000000)
  eden space 28160K, 100% used [0x00000000fdf00000,0x00000000ffa80000,0x00000000ffa80000)
  from space 2560K, 37% used [0x00000000ffd00000,0x00000000ffdf13a0,0x00000000fff80000)
  to   space 2560K, 0% used [0x00000000ffa80000,0x00000000ffa80000,0x00000000ffd00000)
 ParOldGen       total 68608K, used 53428K [0x00000000f9c00000, 0x00000000fdf00000, 0x00000000fdf00000)
  object space 68608K, 77% used [0x00000000f9c00000,0x00000000fd02d3e8,0x00000000fdf00000)
 Metaspace       used 83247K, capacity 87320K, committed 87680K, reserved 1126400K
  class space    used 10356K, capacity 11022K, committed 11136K, reserved 1048576K
Event: 35.441 GC heap after
Heap after GC invocations=124 (full 3):
 PSYoungGen      total 30720K, used 1281K [0x00000000fdf00000, 0x0000000100000000, 0x0000000100000000)
  eden space 28160K, 0% used [0x00000000fdf00000,0x00000000fdf00000,0x00000000ffa80000)
  from space 2560K, 50% used [0x00000000ffa80000,0x00000000ffbc0668,0x00000000ffd00000)
  to   space 2560K, 0% used [0x00000000ffd80000,0x00000000ffd80000,0x0000000100000000)
 ParOldGen       total 68608K, used 53709K [0x00000000f9c00000, 0x00000000fdf00000, 0x00000000fdf00000)
  object space 68608K, 78% used [0x00000000f9c00000,0x00000000fd073408,0x00000000fdf00000)
 Metaspace       used 83247K, capacity 87320K, committed 87680K, reserved 1126400K
  class space    used 10356K, capacity 11022K, committed 11136K, reserved 1048576K
}
Event: 35.613 GC heap before
{Heap before GC invocations=125 (full 3):
 PSYoungGen      total 30720K, used 29441K [0x00000000fdf00000, 0x0000000100000000, 0x0000000100000000)
  eden space 28160K, 100% used [0x00000000fdf00000,0x00000000ffa80000,0x00000000ffa80000)
  from space 2560K, 50% used [0x00000000ffa80000,0x00000000ffbc0668,0x00000000ffd00000)
  to   space 2560K, 0% used [0x00000000ffd80000,0x00000000ffd80000,0x0000000100000000)
 ParOldGen       total 68608K, used 53709K [0x00000000f9c00000, 0x00000000fdf00000, 0x00000000fdf00000)
  object space 68608K, 78% used [0x00000000f9c00000,0x00000000fd073408,0x00000000fdf00000)
 Metaspace       used 83835K, capacity 87980K, committed 88192K, reserved 1126400K
  class space    used 10435K, capacity 11102K, committed 11136K, reserved 1048576K
Event: 35.618 GC heap after
Heap after GC invocations=125 (full 3):
 PSYoungGen      total 31232K, used 1482K [0x00000000fdf00000, 0x0000000100000000, 0x0000000100000000)
  eden space 28672K, 0% used [0x00000000fdf00000,0x00000000fdf00000,0x00000000ffb00000)
  from space 2560K, 57% used [0x00000000ffd80000,0x00000000ffef2918,0x0000000100000000)
  to   space 2560K, 0% used [0x00000000ffb00000,0x00000000ffb00000,0x00000000ffd80000)
 ParOldGen       total 68608K, used 54261K [0x00000000f9c00000, 0x00000000fdf00000, 0x00000000fdf00000)
  object space 68608K, 79% used [0x00000000f9c00000,0x00000000fd0fd438,0x00000000fdf00000)
 Metaspace       used 83835K, capacity 87980K, committed 88192K, reserved 1126400K
  class space    used 10435K, capacity 11102K, committed 11136K, reserved 1048576K
}
Event: 35.732 GC heap before
{Heap before GC invocations=126 (full 3):
 PSYoungGen      total 31232K, used 30154K [0x00000000fdf00000, 0x0000000100000000, 0x0000000100000000)
  eden space 28672K, 100% used [0x00000000fdf00000,0x00000000ffb00000,0x00000000ffb00000)
  from space 2560K, 57% used [0x00000000ffd80000,0x00000000ffef2918,0x0000000100000000)
  to   space 2560K, 0% used [0x00000000ffb00000,0x00000000ffb00000,0x00000000ffd80000)
 ParOldGen       total 68608K, used 54261K [0x00000000f9c00000, 0x00000000fdf00000, 0x00000000fdf00000)
  object space 68608K, 79% used [0x00000000f9c00000,0x00000000fd0fd438,0x00000000fdf00000)
 Metaspace       used 84288K, capacity 88444K, committed 88576K, reserved 1126400K
  class space    used 10493K, capacity 11142K, committed 11264K, reserved 1048576K

