# JRE version: OpenJDK Runtime Environment (8.0_322-b06) (build 1.8.0_322-b06)
# Java VM: OpenJDK 64-Bit Server VM (25.322-b06 mixed mode windows-amd64 compressed oops)
Heap:
 PSYoungGen      total 31232K, used 27374K [0x00000000fdf00000, 0x0000000100000000, 0x0000000100000000)
  eden space 28672K, 91% used [0x00000000fdf00000,0x00000000ff8bff58,0x00000000ffb00000)
  from space 2560K, 39% used [0x00000000ffd80000,0x00000000ffe7bca0,0x0000000100000000)
  to   space 2560K, 0% used [0x00000000ffb00000,0x00000000ffb00000,0x00000000ffd80000)
 ParOldGen       total 68608K, used 49424K [0x00000000f9c00000, 0x00000000fdf00000, 0x00000000fdf00000)
  object space 68608K, 72% used [0x00000000f9c00000,0x00000000fcc44240,0x00000000fdf00000)
 Metaspace       used 79709K, capacity 83902K, committed 84120K, reserved 1122304K
  class space    used 9908K, capacity 10551K, committed 10672K, reserved 1048576K
GC Heap History (10 events):
Event: 21.443 GC heap before
{Heap before GC invocations=113 (full 3):
 PSYoungGen      total 31232K, used 29943K [0x00000000fdf00000, 0x0000000100000000, 0x0000000100000000)
  eden space 28672K, 100% used [0x00000000fdf00000,0x00000000ffb00000,0x00000000ffb00000)
  from space 2560K, 49% used [0x00000000ffb00000,0x00000000ffc3dfb0,0x00000000ffd80000)
  to   space 2560K, 0% used [0x00000000ffd80000,0x00000000ffd80000,0x0000000100000000)
 ParOldGen       total 68608K, used 47651K [0x00000000f9c00000, 0x00000000fdf00000, 0x00000000fdf00000)
  object space 68608K, 69% used [0x00000000f9c00000,0x00000000fca88e60,0x00000000fdf00000)
 Metaspace       used 76677K, capacity 80732K, committed 80920K, reserved 1120256K
  class space    used 9547K, capacity 10180K, committed 10288K, reserved 1048576K
Event: 21.448 GC heap after
Heap after GC invocations=113 (full 3):
 PSYoungGen      total 31232K, used 960K [0x00000000fdf00000, 0x0000000100000000, 0x0000000100000000)
  eden space 28672K, 0% used [0x00000000fdf00000,0x00000000fdf00000,0x00000000ffb00000)
  from space 2560K, 37% used [0x00000000ffd80000,0x00000000ffe70108,0x0000000100000000)
  to   space 2560K, 0% used [0x00000000ffb00000,0x00000000ffb00000,0x00000000ffd80000)
 ParOldGen       total 68608K, used 48232K [0x00000000f9c00000, 0x00000000fdf00000, 0x00000000fdf00000)
  object space 68608K, 70% used [0x00000000f9c00000,0x00000000fcb1a268,0x00000000fdf00000)
 Metaspace       used 76677K, capacity 80732K, committed 80920K, reserved 1120256K
  class space    used 9547K, capacity 10180K, committed 10288K, reserved 1048576K
}
Event: 21.527 GC heap before
{Heap before GC invocations=114 (full 3):
 PSYoungGen      total 31232K, used 29632K [0x00000000fdf00000, 0x0000000100000000, 0x0000000100000000)
  eden space 28672K, 100% used [0x00000000fdf00000,0x00000000ffb00000,0x00000000ffb00000)
  from space 2560K, 37% used [0x00000000ffd80000,0x00000000ffe70108,0x0000000100000000)
  to   space 2560K, 0% used [0x00000000ffb00000,0x00000000ffb00000,0x00000000ffd80000)
 ParOldGen       total 68608K, used 48232K [0x00000000f9c00000, 0x00000000fdf00000, 0x00000000fdf00000)
  object space 68608K, 70% used [0x00000000f9c00000,0x00000000fcb1a268,0x00000000fdf00000)
 Metaspace       used 77164K, capacity 81212K, committed 81432K, reserved 1120256K
  class space    used 9604K, capacity 10212K, committed 10288K, reserved 1048576K
Event: 21.533 GC heap after
Heap after GC invocations=114 (full 3):
 PSYoungGen      total 31232K, used 1431K [0x00000000fdf00000, 0x0000000100000000, 0x0000000100000000)
  eden space 28672K, 0% used [0x00000000fdf00000,0x00000000fdf00000,0x00000000ffb00000)
  from space 2560K, 55% used [0x00000000ffb00000,0x00000000ffc65f70,0x00000000ffd80000)
  to   space 2560K, 0% used [0x00000000ffd80000,0x00000000ffd80000,0x0000000100000000)
 ParOldGen       total 68608K, used 48392K [0x00000000f9c00000, 0x00000000fdf00000, 0x00000000fdf00000)
  object space 68608K, 70% used [0x00000000f9c00000,0x00000000fcb42108,0x00000000fdf00000)
 Metaspace       used 77164K, capacity 81212K, committed 81432K, reserved 1120256K
  class space    used 9604K, capacity 10212K, committed 10288K, reserved 1048576K
}
Event: 22.158 GC heap before
{Heap before GC invocations=115 (full 3):
 PSYoungGen      total 31232K, used 30103K [0x00000000fdf00000, 0x0000000100000000, 0x0000000100000000)
  eden space 28672K, 100% used [0x00000000fdf00000,0x00000000ffb00000,0x00000000ffb00000)
  from space 2560K, 55% used [0x00000000ffb00000,0x00000000ffc65f70,0x00000000ffd80000)
  to   space 2560K, 0% used [0x00000000ffd80000,0x00000000ffd80000,0x0000000100000000)
 ParOldGen       total 68608K, used 48392K [0x00000000f9c00000, 0x00000000fdf00000, 0x00000000fdf00000)
  object space 68608K, 70% used [0x00000000f9c00000,0x00000000fcb42108,0x00000000fdf00000)
 Metaspace       used 78207K, capacity 82340K, committed 82584K, reserved 1122304K
  class space    used 9728K, capacity 10386K, committed 10416K, reserved 1048576K
Event: 22.165 GC heap after
Heap after GC invocations=115 (full 3):
 PSYoungGen      total 31232K, used 1056K [0x00000000fdf00000, 0x0000000100000000, 0x0000000100000000)
  eden space 28672K, 0% used [0x00000000fdf00000,0x00000000fdf00000,0x00000000ffb00000)
  from space 2560K, 41% used [0x00000000ffd80000,0x00000000ffe88000,0x0000000100000000)
  to   space 2560K, 0% used [0x00000000ffb00000,0x00000000ffb00000,0x00000000ffd80000)
 ParOldGen       total 68608K, used 48672K [0x00000000f9c00000, 0x00000000fdf00000, 0x00000000fdf00000)
  object space 68608K, 70% used [0x00000000f9c00000,0x00000000fcb88050,0x00000000fdf00000)
 Metaspace       used 78207K, capacity 82340K, committed 82584K, reserved 1122304K
  class space    used 9728K, capacity 10386K, committed 10416K, reserved 1048576K
}
Event: 22.611 GC heap before
{Heap before GC invocations=116 (full 3):
 PSYoungGen      total 31232K, used 29728K [0x00000000fdf00000, 0x0000000100000000, 0x0000000100000000)
  eden space 28672K, 100% used [0x00000000fdf00000,0x00000000ffb00000,0x00000000ffb00000)
  from space 2560K, 41% used [0x00000000ffd80000,0x00000000ffe88000,0x0000000100000000)
  to   space 2560K, 0% used [0x00000000ffb00000,0x00000000ffb00000,0x00000000ffd80000)
 ParOldGen       total 68608K, used 48672K [0x00000000f9c00000, 0x00000000fdf00000, 0x00000000fdf00000)
  object space 68608K, 70% used [0x00000000f9c00000,0x00000000fcb88050,0x00000000fdf00000)
 Metaspace       used 79019K, capacity 83164K, committed 83480K, reserved 1122304K
  class space    used 9815K, capacity 10460K, committed 10544K, reserved 1048576K
Event: 22.616 GC heap after
Heap after GC invocations=116 (full 3):
 PSYoungGen      total 31232K, used 1262K [0x00000000fdf00000, 0x0000000100000000, 0x0000000100000000)
  eden space 28672K, 0% used [0x00000000fdf00000,0x00000000fdf00000,0x00000000ffb00000)
  from space 2560K, 49% used [0x00000000ffb00000,0x00000000ffc3ba88,0x00000000ffd80000)
  to   space 2560K, 0% used [0x00000000ffd80000,0x00000000ffd80000,0x0000000100000000)
 ParOldGen       total 68608K, used 49080K [0x00000000f9c00000, 0x00000000fdf00000, 0x00000000fdf00000)
  object space 68608K, 71% used [0x00000000f9c00000,0x00000000fcbee390,0x00000000fdf00000)
 Metaspace       used 79019K, capacity 83164K, committed 83480K, reserved 1122304K
  class space    used 9815K, capacity 10460K, committed 10544K, reserved 1048576K
}
Event: 57.947 GC heap before
{Heap before GC invocations=117 (full 3):
 PSYoungGen      total 31232K, used 29934K [0x00000000fdf00000, 0x0000000100000000, 0x0000000100000000)
  eden space 28672K, 100% used [0x00000000fdf00000,0x00000000ffb00000,0x00000000ffb00000)
  from space 2560K, 49% used [0x00000000ffb00000,0x00000000ffc3ba88,0x00000000ffd80000)
  to   space 2560K, 0% used [0x00000000ffd80000,0x00000000ffd80000,0x0000000100000000)
 ParOldGen       total 68608K, used 49080K [0x00000000f9c00000, 0x00000000fdf00000, 0x00000000fdf00000)
  object space 68608K, 71% used [0x00000000f9c00000,0x00000000fcbee390,0x00000000fdf00000)
 Metaspace       used 79482K, capacity 83654K, committed 83736K, reserved 1122304K
  class space    used 9884K, capacity 10531K, committed 10544K, reserved 1048576K
Event: 57.952 GC heap after
Heap after GC invocations=117 (full 3):
 PSYoungGen      total 31232K, used 1007K [0x00000000fdf00000, 0x0000000100000000, 0x0000000100000000)
  eden space 28672K, 0% used [0x00000000fdf00000,0x00000000fdf00000,0x00000000ffb00000)
  from space 2560K, 39% used [0x00000000ffd80000,0x00000000ffe7bca0,0x0000000100000000)
  to   space 2560K, 0% used [0x00000000ffb00000,0x00000000ffb00000,0x00000000ffd80000)
 ParOldGen       total 68608K, used 49424K [0x00000000f9c00000, 0x00000000fdf00000, 0x00000000fdf00000)
  object space 68608K, 72% used [0x00000000f9c00000,0x00000000fcc44240,0x00000000fdf00000)
 Metaspace       used 79482K, capacity 83654K, committed 83736K, reserved 1122304K
  class space    used 9884K, capacity 10531K, committed 10544K, reserved 1048576K
}

