# JRE version: OpenJDK Runtime Environment (8.0_322-b06) (build 1.8.0_322-b06)
# Java VM: OpenJDK 64-Bit Server VM (25.322-b06 mixed mode windows-amd64 compressed oops)
Heap:
 PSYoungGen      total 759808K, used 255236K [0x0000000715b80000, 0x000000074e980000, 0x00000007c0000000)
  eden space 738816K, 31% used [0x0000000715b80000,0x00000007240466a0,0x0000000742d00000)
  from space 20992K, 99% used [0x0000000742d00000,0x000000074417ab90,0x0000000744180000)
  to   space 28160K, 0% used [0x000000074ce00000,0x000000074ce00000,0x000000074e980000)
 ParOldGen       total 387072K, used 42847K [0x00000005c1200000, 0x00000005d8c00000, 0x0000000715b80000)
  object space 387072K, 11% used [0x00000005c1200000,0x00000005c3bd7df0,0x00000005d8c00000)
 Metaspace       used 85582K, capacity 89748K, committed 89880K, reserved 1128448K
  class space    used 10767K, capacity 11490K, committed 11568K, reserved 1048576K
GC Heap History (10 events):
Event: 30.330 GC heap before
{Heap before GC invocations=10 (full 2):
 PSYoungGen      total 408576K, used 406792K [0x0000000715b80000, 0x000000073aa00000, 0x00000007c0000000)
  eden space 394240K, 100% used [0x0000000715b80000,0x000000072dc80000,0x000000072dc80000)
  from space 14336K, 87% used [0x000000072dc80000,0x000000072e8c2358,0x000000072ea80000)
  to   space 15872K, 0% used [0x0000000739a80000,0x0000000739a80000,0x000000073aa00000)
 ParOldGen       total 282112K, used 15340K [0x00000005c1200000, 0x00000005d2580000, 0x0000000715b80000)
  object space 282112K, 5% used [0x00000005c1200000,0x00000005c20fb230,0x00000005d2580000)
 Metaspace       used 52650K, capacity 54732K, committed 54832K, reserved 1097728K
  class space    used 6726K, capacity 7155K, committed 7216K, reserved 1048576K
Event: 30.352 GC heap after
Heap after GC invocations=10 (full 2):
 PSYoungGen      total 587264K, used 14017K [0x0000000715b80000, 0x000000073c880000, 0x00000007c0000000)
  eden space 571392K, 0% used [0x0000000715b80000,0x0000000715b80000,0x0000000738980000)
  from space 15872K, 88% used [0x0000000739a80000,0x000000073a830670,0x000000073aa00000)
  to   space 17408K, 0% used [0x0000000738980000,0x0000000738980000,0x0000000739a80000)
 ParOldGen       total 282112K, used 15412K [0x00000005c1200000, 0x00000005d2580000, 0x0000000715b80000)
  object space 282112K, 5% used [0x00000005c1200000,0x00000005c210d240,0x00000005d2580000)
 Metaspace       used 52650K, capacity 54732K, committed 54832K, reserved 1097728K
  class space    used 6726K, capacity 7155K, committed 7216K, reserved 1048576K
}
Event: 32.650 GC heap before
{Heap before GC invocations=11 (full 2):
 PSYoungGen      total 587264K, used 322354K [0x0000000715b80000, 0x000000073c880000, 0x00000007c0000000)
  eden space 571392K, 53% used [0x0000000715b80000,0x000000072889c2c8,0x0000000738980000)
  from space 15872K, 88% used [0x0000000739a80000,0x000000073a830670,0x000000073aa00000)
  to   space 17408K, 0% used [0x0000000738980000,0x0000000738980000,0x0000000739a80000)
 ParOldGen       total 282112K, used 15412K [0x00000005c1200000, 0x00000005d2580000, 0x0000000715b80000)
  object space 282112K, 5% used [0x00000005c1200000,0x00000005c210d240,0x00000005d2580000)
 Metaspace       used 56779K, capacity 59048K, committed 59160K, reserved 1101824K
  class space    used 7216K, capacity 7673K, committed 7728K, reserved 1048576K
Event: 32.666 GC heap after
Heap after GC invocations=11 (full 2):
 PSYoungGen      total 588800K, used 15312K [0x0000000715b80000, 0x0000000745780000, 0x00000007c0000000)
  eden space 571392K, 0% used [0x0000000715b80000,0x0000000715b80000,0x0000000738980000)
  from space 17408K, 87% used [0x0000000738980000,0x0000000739874298,0x0000000739a80000)
  to   space 18944K, 0% used [0x0000000744500000,0x0000000744500000,0x0000000745780000)
 ParOldGen       total 282112K, used 17668K [0x00000005c1200000, 0x00000005d2580000, 0x0000000715b80000)
  object space 282112K, 6% used [0x00000005c1200000,0x00000005c2341270,0x00000005d2580000)
 Metaspace       used 56779K, capacity 59048K, committed 59160K, reserved 1101824K
  class space    used 7216K, capacity 7673K, committed 7728K, reserved 1048576K
}
Event: 32.666 GC heap before
{Heap before GC invocations=12 (full 3):
 PSYoungGen      total 588800K, used 15312K [0x0000000715b80000, 0x0000000745780000, 0x00000007c0000000)
  eden space 571392K, 0% used [0x0000000715b80000,0x0000000715b80000,0x0000000738980000)
  from space 17408K, 87% used [0x0000000738980000,0x0000000739874298,0x0000000739a80000)
  to   space 18944K, 0% used [0x0000000744500000,0x0000000744500000,0x0000000745780000)
 ParOldGen       total 282112K, used 17668K [0x00000005c1200000, 0x00000005d2580000, 0x0000000715b80000)
  object space 282112K, 6% used [0x00000005c1200000,0x00000005c2341270,0x00000005d2580000)
 Metaspace       used 56779K, capacity 59048K, committed 59160K, reserved 1101824K
  class space    used 7216K, capacity 7673K, committed 7728K, reserved 1048576K
Event: 32.822 GC heap after
Heap after GC invocations=12 (full 3):
 PSYoungGen      total 588800K, used 0K [0x0000000715b80000, 0x0000000745780000, 0x00000007c0000000)
  eden space 571392K, 0% used [0x0000000715b80000,0x0000000715b80000,0x0000000738980000)
  from space 17408K, 0% used [0x0000000738980000,0x0000000738980000,0x0000000739a80000)
  to   space 18944K, 0% used [0x0000000744500000,0x0000000744500000,0x0000000745780000)
 ParOldGen       total 387072K, used 31185K [0x00000005c1200000, 0x00000005d8c00000, 0x0000000715b80000)
  object space 387072K, 8% used [0x00000005c1200000,0x00000005c30746f0,0x00000005d8c00000)
 Metaspace       used 56779K, capacity 59048K, committed 59160K, reserved 1101824K
  class space    used 7216K, capacity 7673K, committed 7728K, reserved 1048576K
}
Event: 38.002 GC heap before
{Heap before GC invocations=13 (full 3):
 PSYoungGen      total 588800K, used 571392K [0x0000000715b80000, 0x0000000745780000, 0x00000007c0000000)
  eden space 571392K, 100% used [0x0000000715b80000,0x0000000738980000,0x0000000738980000)
  from space 17408K, 0% used [0x0000000738980000,0x0000000738980000,0x0000000739a80000)
  to   space 18944K, 0% used [0x0000000744500000,0x0000000744500000,0x0000000745780000)
 ParOldGen       total 387072K, used 31185K [0x00000005c1200000, 0x00000005d8c00000, 0x0000000715b80000)
  object space 387072K, 8% used [0x00000005c1200000,0x00000005c30746f0,0x00000005d8c00000)
 Metaspace       used 65837K, capacity 68822K, committed 69016K, reserved 1110016K
  class space    used 8293K, capacity 8825K, committed 8880K, reserved 1048576K
Event: 38.017 GC heap after
Heap after GC invocations=13 (full 3):
 PSYoungGen      total 728064K, used 17134K [0x0000000715b80000, 0x0000000745600000, 0x00000007c0000000)
  eden space 710656K, 0% used [0x0000000715b80000,0x0000000715b80000,0x0000000741180000)
  from space 17408K, 98% used [0x0000000744500000,0x00000007455bb9e0,0x0000000745600000)
  to   space 20992K, 0% used [0x0000000742d00000,0x0000000742d00000,0x0000000744180000)
 ParOldGen       total 387072K, used 31193K [0x00000005c1200000, 0x00000005d8c00000, 0x0000000715b80000)
  object space 387072K, 8% used [0x00000005c1200000,0x00000005c30766f0,0x00000005d8c00000)
 Metaspace       used 65837K, capacity 68822K, committed 69016K, reserved 1110016K
  class space    used 8293K, capacity 8825K, committed 8880K, reserved 1048576K
}
Event: 42.830 GC heap before
{Heap before GC invocations=14 (full 3):
 PSYoungGen      total 728064K, used 727790K [0x0000000715b80000, 0x0000000745600000, 0x00000007c0000000)
  eden space 710656K, 100% used [0x0000000715b80000,0x0000000741180000,0x0000000741180000)
  from space 17408K, 98% used [0x0000000744500000,0x00000007455bb9e0,0x0000000745600000)
  to   space 20992K, 0% used [0x0000000742d00000,0x0000000742d00000,0x0000000744180000)
 ParOldGen       total 387072K, used 31193K [0x00000005c1200000, 0x00000005d8c00000, 0x0000000715b80000)
  object space 387072K, 8% used [0x00000005c1200000,0x00000005c30766f0,0x00000005d8c00000)
 Metaspace       used 82166K, capacity 86294K, committed 86424K, reserved 1124352K
  class space    used 10387K, capacity 11101K, committed 11184K, reserved 1048576K
Event: 42.855 GC heap after
Heap after GC invocations=14 (full 3):
 PSYoungGen      total 759808K, used 20970K [0x0000000715b80000, 0x000000074e980000, 0x00000007c0000000)
  eden space 738816K, 0% used [0x0000000715b80000,0x0000000715b80000,0x0000000742d00000)
  from space 20992K, 99% used [0x0000000742d00000,0x000000074417ab90,0x0000000744180000)
  to   space 28160K, 0% used [0x000000074ce00000,0x000000074ce00000,0x000000074e980000)
 ParOldGen       total 387072K, used 42847K [0x00000005c1200000, 0x00000005d8c00000, 0x0000000715b80000)
  object space 387072K, 11% used [0x00000005c1200000,0x00000005c3bd7df0,0x00000005d8c00000)
 Metaspace       used 82166K, capacity 86294K, committed 86424K, reserved 1124352K
  class space    used 10387K, capacity 11101K, committed 11184K, reserved 1048576K
}

