# JRE version: OpenJDK Runtime Environment (8.0_322-b06) (build 1.8.0_322-b06)
# Java VM: OpenJDK 64-Bit Server VM (25.322-b06 mixed mode windows-amd64 compressed oops)
Heap:
 PSYoungGen      total 30720K, used 6974K [0x00000000fdf00000, 0x0000000100000000, 0x0000000100000000)
  eden space 27648K, 20% used [0x00000000fdf00000,0x00000000fe497af8,0x00000000ffa00000)
  from space 3072K, 40% used [0x00000000ffd00000,0x00000000ffe38000,0x0000000100000000)
  to   space 3072K, 0% used [0x00000000ffa00000,0x00000000ffa00000,0x00000000ffd00000)
 ParOldGen       total 68608K, used 28637K [0x00000000f9c00000, 0x00000000fdf00000, 0x00000000fdf00000)
  object space 68608K, 41% used [0x00000000f9c00000,0x00000000fb7f7540,0x00000000fdf00000)
 Metaspace       used 58481K, capacity 60838K, committed 60952K, reserved 1101824K
  class space    used 7439K, capacity 7912K, committed 7984K, reserved 1048576K
GC Heap History (10 events):
Event: 20.135 GC heap before
{Heap before GC invocations=75 (full 2):
 PSYoungGen      total 29184K, used 27336K [0x00000000fdf00000, 0x00000000fff00000, 0x0000000100000000)
  eden space 26624K, 96% used [0x00000000fdf00000,0x00000000ff808b90,0x00000000ff900000)
  from space 2560K, 66% used [0x00000000ffc80000,0x00000000ffe29768,0x00000000fff00000)
  to   space 3072K, 0% used [0x00000000ff900000,0x00000000ff900000,0x00000000ffc00000)
 ParOldGen       total 60416K, used 37117K [0x00000000f9c00000, 0x00000000fd700000, 0x00000000fdf00000)
  object space 60416K, 61% used [0x00000000f9c00000,0x00000000fc03f5d0,0x00000000fd700000)
 Metaspace       used 56885K, capacity 59036K, committed 59160K, reserved 1101824K
  class space    used 7213K, capacity 7649K, committed 7728K, reserved 1048576K
Event: 20.140 GC heap after
Heap after GC invocations=75 (full 2):
 PSYoungGen      total 29696K, used 1090K [0x00000000fdf00000, 0x0000000100000000, 0x0000000100000000)
  eden space 26624K, 0% used [0x00000000fdf00000,0x00000000fdf00000,0x00000000ff900000)
  from space 3072K, 35% used [0x00000000ff900000,0x00000000ffa10b80,0x00000000ffc00000)
  to   space 3072K, 0% used [0x00000000ffd00000,0x00000000ffd00000,0x0000000100000000)
 ParOldGen       total 60416K, used 37675K [0x00000000f9c00000, 0x00000000fd700000, 0x00000000fdf00000)
  object space 60416K, 62% used [0x00000000f9c00000,0x00000000fc0cae10,0x00000000fd700000)
 Metaspace       used 56885K, capacity 59036K, committed 59160K, reserved 1101824K
  class space    used 7213K, capacity 7649K, committed 7728K, reserved 1048576K
}
Event: 20.140 GC heap before
{Heap before GC invocations=76 (full 3):
 PSYoungGen      total 29696K, used 1090K [0x00000000fdf00000, 0x0000000100000000, 0x0000000100000000)
  eden space 26624K, 0% used [0x00000000fdf00000,0x00000000fdf00000,0x00000000ff900000)
  from space 3072K, 35% used [0x00000000ff900000,0x00000000ffa10b80,0x00000000ffc00000)
  to   space 3072K, 0% used [0x00000000ffd00000,0x00000000ffd00000,0x0000000100000000)
 ParOldGen       total 60416K, used 37675K [0x00000000f9c00000, 0x00000000fd700000, 0x00000000fdf00000)
  object space 60416K, 62% used [0x00000000f9c00000,0x00000000fc0cae10,0x00000000fd700000)
 Metaspace       used 56885K, capacity 59036K, committed 59160K, reserved 1101824K
  class space    used 7213K, capacity 7649K, committed 7728K, reserved 1048576K
Event: 20.282 GC heap after
Heap after GC invocations=76 (full 3):
 PSYoungGen      total 29696K, used 0K [0x00000000fdf00000, 0x0000000100000000, 0x0000000100000000)
  eden space 26624K, 0% used [0x00000000fdf00000,0x00000000fdf00000,0x00000000ff900000)
  from space 3072K, 0% used [0x00000000ff900000,0x00000000ff900000,0x00000000ffc00000)
  to   space 3072K, 0% used [0x00000000ffd00000,0x00000000ffd00000,0x0000000100000000)
 ParOldGen       total 68608K, used 28050K [0x00000000f9c00000, 0x00000000fdf00000, 0x00000000fdf00000)
  object space 68608K, 40% used [0x00000000f9c00000,0x00000000fb764a98,0x00000000fdf00000)
 Metaspace       used 56885K, capacity 59036K, committed 59160K, reserved 1101824K
  class space    used 7213K, capacity 7649K, committed 7728K, reserved 1048576K
}
Event: 20.383 GC heap before
{Heap before GC invocations=77 (full 3):
 PSYoungGen      total 29696K, used 26624K [0x00000000fdf00000, 0x0000000100000000, 0x0000000100000000)
  eden space 26624K, 100% used [0x00000000fdf00000,0x00000000ff900000,0x00000000ff900000)
  from space 3072K, 0% used [0x00000000ff900000,0x00000000ff900000,0x00000000ffc00000)
  to   space 3072K, 0% used [0x00000000ffd00000,0x00000000ffd00000,0x0000000100000000)
 ParOldGen       total 68608K, used 28050K [0x00000000f9c00000, 0x00000000fdf00000, 0x00000000fdf00000)
  object space 68608K, 40% used [0x00000000f9c00000,0x00000000fb764a98,0x00000000fdf00000)
 Metaspace       used 57281K, capacity 59544K, committed 59800K, reserved 1101824K
  class space    used 7284K, capacity 7729K, committed 7856K, reserved 1048576K
Event: 20.386 GC heap after
Heap after GC invocations=77 (full 3):
 PSYoungGen      total 30720K, used 1166K [0x00000000fdf00000, 0x0000000100000000, 0x0000000100000000)
  eden space 27648K, 0% used [0x00000000fdf00000,0x00000000fdf00000,0x00000000ffa00000)
  from space 3072K, 37% used [0x00000000ffd00000,0x00000000ffe23860,0x0000000100000000)
  to   space 3072K, 0% used [0x00000000ffa00000,0x00000000ffa00000,0x00000000ffd00000)
 ParOldGen       total 68608K, used 28058K [0x00000000f9c00000, 0x00000000fdf00000, 0x00000000fdf00000)
  object space 68608K, 40% used [0x00000000f9c00000,0x00000000fb766a98,0x00000000fdf00000)
 Metaspace       used 57281K, capacity 59544K, committed 59800K, reserved 1101824K
  class space    used 7284K, capacity 7729K, committed 7856K, reserved 1048576K
}
Event: 20.481 GC heap before
{Heap before GC invocations=78 (full 3):
 PSYoungGen      total 30720K, used 28814K [0x00000000fdf00000, 0x0000000100000000, 0x0000000100000000)
  eden space 27648K, 100% used [0x00000000fdf00000,0x00000000ffa00000,0x00000000ffa00000)
  from space 3072K, 37% used [0x00000000ffd00000,0x00000000ffe23860,0x0000000100000000)
  to   space 3072K, 0% used [0x00000000ffa00000,0x00000000ffa00000,0x00000000ffd00000)
 ParOldGen       total 68608K, used 28058K [0x00000000f9c00000, 0x00000000fdf00000, 0x00000000fdf00000)
  object space 68608K, 40% used [0x00000000f9c00000,0x00000000fb766a98,0x00000000fdf00000)
 Metaspace       used 57869K, capacity 60120K, committed 60312K, reserved 1101824K
  class space    used 7347K, capacity 7793K, committed 7856K, reserved 1048576K
Event: 20.484 GC heap after
Heap after GC invocations=78 (full 3):
 PSYoungGen      total 30720K, used 933K [0x00000000fdf00000, 0x0000000100000000, 0x0000000100000000)
  eden space 27648K, 0% used [0x00000000fdf00000,0x00000000fdf00000,0x00000000ffa00000)
  from space 3072K, 30% used [0x00000000ffa00000,0x00000000ffae9698,0x00000000ffd00000)
  to   space 3072K, 0% used [0x00000000ffd00000,0x00000000ffd00000,0x0000000100000000)
 ParOldGen       total 68608K, used 28330K [0x00000000f9c00000, 0x00000000fdf00000, 0x00000000fdf00000)
  object space 68608K, 41% used [0x00000000f9c00000,0x00000000fb7aaaa8,0x00000000fdf00000)
 Metaspace       used 57869K, capacity 60120K, committed 60312K, reserved 1101824K
  class space    used 7347K, capacity 7793K, committed 7856K, reserved 1048576K
}
Event: 20.738 GC heap before
{Heap before GC invocations=79 (full 3):
 PSYoungGen      total 30720K, used 28581K [0x00000000fdf00000, 0x0000000100000000, 0x0000000100000000)
  eden space 27648K, 100% used [0x00000000fdf00000,0x00000000ffa00000,0x00000000ffa00000)
  from space 3072K, 30% used [0x00000000ffa00000,0x00000000ffae9698,0x00000000ffd00000)
  to   space 3072K, 0% used [0x00000000ffd00000,0x00000000ffd00000,0x0000000100000000)
 ParOldGen       total 68608K, used 28330K [0x00000000f9c00000, 0x00000000fdf00000, 0x00000000fdf00000)
  object space 68608K, 41% used [0x00000000f9c00000,0x00000000fb7aaaa8,0x00000000fdf00000)
 Metaspace       used 58392K, capacity 60692K, committed 60952K, reserved 1101824K
  class space    used 7420K, capacity 7869K, committed 7984K, reserved 1048576K
Event: 20.794 GC heap after
Heap after GC invocations=79 (full 3):
 PSYoungGen      total 30720K, used 1248K [0x00000000fdf00000, 0x0000000100000000, 0x0000000100000000)
  eden space 27648K, 0% used [0x00000000fdf00000,0x00000000fdf00000,0x00000000ffa00000)
  from space 3072K, 40% used [0x00000000ffd00000,0x00000000ffe38000,0x0000000100000000)
  to   space 3072K, 0% used [0x00000000ffa00000,0x00000000ffa00000,0x00000000ffd00000)
 ParOldGen       total 68608K, used 28637K [0x00000000f9c00000, 0x00000000fdf00000, 0x00000000fdf00000)
  object space 68608K, 41% used [0x00000000f9c00000,0x00000000fb7f7540,0x00000000fdf00000)
 Metaspace       used 58392K, capacity 60692K, committed 60952K, reserved 1101824K
  class space    used 7420K, capacity 7869K, committed 7984K, reserved 1048576K
}

